11:50:47.341 [QA] ERROR: Element [[ChromeDriver: chrome on XP (77a385a1a20b3da7228d7b0f3b7bde54)] -> xpath: //div[contains(text(), 'Verify your email address')]] is not visible
org.openqa.selenium.TimeoutException: Expected condition failed: waiting for com.ntuc.income.up.utilities.ReusableLibrary$$Lambda$239/875768717@724b939e (tried for 30 second(s) with 500 milliseconds interval)
Build info: version: '3.14.0', revision: 'aacccce0', time: '2018-08-02T20:19:58.91Z'
System info: host: 'DESKTOP-G59S8SB', ip: '172.16.15.104', os.name: 'Windows 10', os.arch: 'amd64', os.version: '10.0', java.version: '1.8.0_192'
Driver info: driver.version: unknown
	at org.openqa.selenium.support.ui.FluentWait.timeoutException(FluentWait.java:315) ~[selenium-support-3.14.0.jar:?]
	at org.openqa.selenium.support.ui.FluentWait.until(FluentWait.java:283) ~[selenium-support-3.14.0.jar:?]
	at com.ntuc.income.up.utilities.ReusableLibrary.isElemVisible(ReusableLibrary.java:228) [test-classes/:?]
	at com.ntuc.income.up.pages.RegisterPage.verifyEmailPopUpDisplayed(RegisterPage.java:210) [test-classes/:?]
	at com.ntuc.income.up.steps.StpRegister.email_verification_link_is_sent_to_the_user(StpRegister.java:58) [test-classes/:?]
	at sun.reflect.NativeMethodAccessorImpl.invoke0(Native Method) ~[?:1.8.0_192]
	at sun.reflect.NativeMethodAccessorImpl.invoke(NativeMethodAccessorImpl.java:62) ~[?:1.8.0_192]
	at sun.reflect.DelegatingMethodAccessorImpl.invoke(DelegatingMethodAccessorImpl.java:43) ~[?:1.8.0_192]
	at java.lang.reflect.Method.invoke(Method.java:498) ~[?:1.8.0_192]
	at cucumber.runtime.Utils$1.call(Utils.java:40) [cucumber-core-1.2.5.jar:?]
	at cucumber.runtime.Timeout.timeout(Timeout.java:16) [cucumber-core-1.2.5.jar:?]
	at cucumber.runtime.Utils.invoke(Utils.java:34) [cucumber-core-1.2.5.jar:?]
	at cucumber.runtime.java.JavaStepDefinition.execute(JavaStepDefinition.java:38) [cucumber-java-1.2.5.jar:?]
	at cucumber.runtime.StepDefinitionMatch.runStep(StepDefinitionMatch.java:37) [cucumber-core-1.2.5.jar:?]
	at cucumber.runtime.Runtime.runStep(Runtime.java:300) [cucumber-core-1.2.5.jar:?]
	at cucumber.runtime.model.StepContainer.runStep(StepContainer.java:44) [cucumber-core-1.2.5.jar:?]
	at cucumber.runtime.model.StepContainer.runSteps(StepContainer.java:39) [cucumber-core-1.2.5.jar:?]
	at cucumber.runtime.model.CucumberScenario.run(CucumberScenario.java:44) [cucumber-core-1.2.5.jar:?]
	at cucumber.runtime.junit.ExecutionUnitRunner.run(ExecutionUnitRunner.java:102) [cucumber-junit-1.2.5.jar:?]
	at org.junit.runners.Suite.runChild(Suite.java:128) [junit-4.12.jar:4.12]
	at org.junit.runners.Suite.runChild(Suite.java:27) [junit-4.12.jar:4.12]
	at org.junit.runners.ParentRunner$3.run(ParentRunner.java:290) [junit-4.12.jar:4.12]
	at org.junit.runners.ParentRunner$1.schedule(ParentRunner.java:71) [junit-4.12.jar:4.12]
	at org.junit.runners.ParentRunner.runChildren(ParentRunner.java:288) [junit-4.12.jar:4.12]
	at org.junit.runners.ParentRunner.access$000(ParentRunner.java:58) [junit-4.12.jar:4.12]
	at org.junit.runners.ParentRunner$2.evaluate(ParentRunner.java:268) [junit-4.12.jar:4.12]
	at org.junit.runners.ParentRunner.run(ParentRunner.java:363) [junit-4.12.jar:4.12]
	at cucumber.runtime.junit.ExamplesRunner.run(ExamplesRunner.java:59) [cucumber-junit-1.2.5.jar:?]
	at org.junit.runners.Suite.runChild(Suite.java:128) [junit-4.12.jar:4.12]
	at org.junit.runners.Suite.runChild(Suite.java:27) [junit-4.12.jar:4.12]
	at org.junit.runners.ParentRunner$3.run(ParentRunner.java:290) [junit-4.12.jar:4.12]
	at org.junit.runners.ParentRunner$1.schedule(ParentRunner.java:71) [junit-4.12.jar:4.12]
	at org.junit.runners.ParentRunner.runChildren(ParentRunner.java:288) [junit-4.12.jar:4.12]
	at org.junit.runners.ParentRunner.access$000(ParentRunner.java:58) [junit-4.12.jar:4.12]
	at org.junit.runners.ParentRunner$2.evaluate(ParentRunner.java:268) [junit-4.12.jar:4.12]
	at org.junit.runners.ParentRunner.run(ParentRunner.java:363) [junit-4.12.jar:4.12]
	at cucumber.runtime.junit.ScenarioOutlineRunner.run(ScenarioOutlineRunner.java:53) [cucumber-junit-1.2.5.jar:?]
	at cucumber.runtime.junit.FeatureRunner.runChild(FeatureRunner.java:63) [cucumber-junit-1.2.5.jar:?]
	at cucumber.runtime.junit.FeatureRunner.runChild(FeatureRunner.java:18) [cucumber-junit-1.2.5.jar:?]
	at org.junit.runners.ParentRunner$3.run(ParentRunner.java:290) [junit-4.12.jar:4.12]
	at org.junit.runners.ParentRunner$1.schedule(ParentRunner.java:71) [junit-4.12.jar:4.12]
	at org.junit.runners.ParentRunner.runChildren(ParentRunner.java:288) [junit-4.12.jar:4.12]
	at org.junit.runners.ParentRunner.access$000(ParentRunner.java:58) [junit-4.12.jar:4.12]
	at org.junit.runners.ParentRunner$2.evaluate(ParentRunner.java:268) [junit-4.12.jar:4.12]
	at org.junit.runners.ParentRunner.run(ParentRunner.java:363) [junit-4.12.jar:4.12]
	at cucumber.runtime.junit.FeatureRunner.run(FeatureRunner.java:70) [cucumber-junit-1.2.5.jar:?]
	at cucumber.api.junit.Cucumber.runChild(Cucumber.java:95) [cucumber-junit-1.2.5.jar:?]
	at cucumber.api.junit.Cucumber.runChild(Cucumber.java:38) [cucumber-junit-1.2.5.jar:?]
	at org.junit.runners.ParentRunner$3.run(ParentRunner.java:290) [junit-4.12.jar:4.12]
	at org.junit.runners.ParentRunner$1.schedule(ParentRunner.java:71) [junit-4.12.jar:4.12]
	at org.junit.runners.ParentRunner.runChildren(ParentRunner.java:288) [junit-4.12.jar:4.12]
	at org.junit.runners.ParentRunner.access$000(ParentRunner.java:58) [junit-4.12.jar:4.12]
	at org.junit.runners.ParentRunner$2.evaluate(ParentRunner.java:268) [junit-4.12.jar:4.12]
	at org.junit.internal.runners.statements.RunBefores.evaluate(RunBefores.java:26) [junit-4.12.jar:4.12]
	at org.junit.internal.runners.statements.RunAfters.evaluate(RunAfters.java:27) [junit-4.12.jar:4.12]
	at org.junit.runners.ParentRunner.run(ParentRunner.java:363) [junit-4.12.jar:4.12]
	at cucumber.api.junit.Cucumber.run(Cucumber.java:100) [cucumber-junit-1.2.5.jar:?]
	at org.junit.runner.JUnitCore.run(JUnitCore.java:137) [junit-4.12.jar:4.12]
	at com.intellij.junit4.JUnit4IdeaTestRunner.startRunnerWithArgs(JUnit4IdeaTestRunner.java:68) [junit-rt.jar:?]
	at com.intellij.rt.execution.junit.IdeaTestRunner$Repeater.startRunnerWithArgs(IdeaTestRunner.java:47) [junit-rt.jar:?]
	at com.intellij.rt.execution.junit.JUnitStarter.prepareStreamsAndStart(JUnitStarter.java:242) [junit-rt.jar:?]
	at com.intellij.rt.execution.junit.JUnitStarter.main(JUnitStarter.java:70) [junit-rt.jar:?]
11:50:47.944 [QA] ERROR: 
Expecting:
  <false>
to be equal to:
  <true>
when recursively comparing field by field, but found the following difference(s):

Path to difference: <value>
- expected: <true>
- actual  : <false>
java.lang.AssertionError: 
Expecting:
  <false>
to be equal to:
  <true>
when recursively comparing field by field, but found the following difference(s):

Path to difference: <value>
- expected: <true>
- actual  : <false>
	at com.ntuc.income.up.utilities.Validate.equals(Validate.java:33) [test-classes/:?]
	at com.ntuc.income.up.steps.StpRegister.email_verification_link_is_sent_to_the_user(StpRegister.java:58) [test-classes/:?]
	at sun.reflect.NativeMethodAccessorImpl.invoke0(Native Method) ~[?:1.8.0_192]
	at sun.reflect.NativeMethodAccessorImpl.invoke(NativeMethodAccessorImpl.java:62) ~[?:1.8.0_192]
	at sun.reflect.DelegatingMethodAccessorImpl.invoke(DelegatingMethodAccessorImpl.java:43) ~[?:1.8.0_192]
	at java.lang.reflect.Method.invoke(Method.java:498) ~[?:1.8.0_192]
	at cucumber.runtime.Utils$1.call(Utils.java:40) [cucumber-core-1.2.5.jar:?]
	at cucumber.runtime.Timeout.timeout(Timeout.java:16) [cucumber-core-1.2.5.jar:?]
	at cucumber.runtime.Utils.invoke(Utils.java:34) [cucumber-core-1.2.5.jar:?]
	at cucumber.runtime.java.JavaStepDefinition.execute(JavaStepDefinition.java:38) [cucumber-java-1.2.5.jar:?]
	at cucumber.runtime.StepDefinitionMatch.runStep(StepDefinitionMatch.java:37) [cucumber-core-1.2.5.jar:?]
	at cucumber.runtime.Runtime.runStep(Runtime.java:300) [cucumber-core-1.2.5.jar:?]
	at cucumber.runtime.model.StepContainer.runStep(StepContainer.java:44) [cucumber-core-1.2.5.jar:?]
	at cucumber.runtime.model.StepContainer.runSteps(StepContainer.java:39) [cucumber-core-1.2.5.jar:?]
	at cucumber.runtime.model.CucumberScenario.run(CucumberScenario.java:44) [cucumber-core-1.2.5.jar:?]
	at cucumber.runtime.junit.ExecutionUnitRunner.run(ExecutionUnitRunner.java:102) [cucumber-junit-1.2.5.jar:?]
	at org.junit.runners.Suite.runChild(Suite.java:128) [junit-4.12.jar:4.12]
	at org.junit.runners.Suite.runChild(Suite.java:27) [junit-4.12.jar:4.12]
	at org.junit.runners.ParentRunner$3.run(ParentRunner.java:290) [junit-4.12.jar:4.12]
	at org.junit.runners.ParentRunner$1.schedule(ParentRunner.java:71) [junit-4.12.jar:4.12]
	at org.junit.runners.ParentRunner.runChildren(ParentRunner.java:288) [junit-4.12.jar:4.12]
	at org.junit.runners.ParentRunner.access$000(ParentRunner.java:58) [junit-4.12.jar:4.12]
	at org.junit.runners.ParentRunner$2.evaluate(ParentRunner.java:268) [junit-4.12.jar:4.12]
	at org.junit.runners.ParentRunner.run(ParentRunner.java:363) [junit-4.12.jar:4.12]
	at cucumber.runtime.junit.ExamplesRunner.run(ExamplesRunner.java:59) [cucumber-junit-1.2.5.jar:?]
	at org.junit.runners.Suite.runChild(Suite.java:128) [junit-4.12.jar:4.12]
	at org.junit.runners.Suite.runChild(Suite.java:27) [junit-4.12.jar:4.12]
	at org.junit.runners.ParentRunner$3.run(ParentRunner.java:290) [junit-4.12.jar:4.12]
	at org.junit.runners.ParentRunner$1.schedule(ParentRunner.java:71) [junit-4.12.jar:4.12]
	at org.junit.runners.ParentRunner.runChildren(ParentRunner.java:288) [junit-4.12.jar:4.12]
	at org.junit.runners.ParentRunner.access$000(ParentRunner.java:58) [junit-4.12.jar:4.12]
	at org.junit.runners.ParentRunner$2.evaluate(ParentRunner.java:268) [junit-4.12.jar:4.12]
	at org.junit.runners.ParentRunner.run(ParentRunner.java:363) [junit-4.12.jar:4.12]
	at cucumber.runtime.junit.ScenarioOutlineRunner.run(ScenarioOutlineRunner.java:53) [cucumber-junit-1.2.5.jar:?]
	at cucumber.runtime.junit.FeatureRunner.runChild(FeatureRunner.java:63) [cucumber-junit-1.2.5.jar:?]
	at cucumber.runtime.junit.FeatureRunner.runChild(FeatureRunner.java:18) [cucumber-junit-1.2.5.jar:?]
	at org.junit.runners.ParentRunner$3.run(ParentRunner.java:290) [junit-4.12.jar:4.12]
	at org.junit.runners.ParentRunner$1.schedule(ParentRunner.java:71) [junit-4.12.jar:4.12]
	at org.junit.runners.ParentRunner.runChildren(ParentRunner.java:288) [junit-4.12.jar:4.12]
	at org.junit.runners.ParentRunner.access$000(ParentRunner.java:58) [junit-4.12.jar:4.12]
	at org.junit.runners.ParentRunner$2.evaluate(ParentRunner.java:268) [junit-4.12.jar:4.12]
	at org.junit.runners.ParentRunner.run(ParentRunner.java:363) [junit-4.12.jar:4.12]
	at cucumber.runtime.junit.FeatureRunner.run(FeatureRunner.java:70) [cucumber-junit-1.2.5.jar:?]
	at cucumber.api.junit.Cucumber.runChild(Cucumber.java:95) [cucumber-junit-1.2.5.jar:?]
	at cucumber.api.junit.Cucumber.runChild(Cucumber.java:38) [cucumber-junit-1.2.5.jar:?]
	at org.junit.runners.ParentRunner$3.run(ParentRunner.java:290) [junit-4.12.jar:4.12]
	at org.junit.runners.ParentRunner$1.schedule(ParentRunner.java:71) [junit-4.12.jar:4.12]
	at org.junit.runners.ParentRunner.runChildren(ParentRunner.java:288) [junit-4.12.jar:4.12]
	at org.junit.runners.ParentRunner.access$000(ParentRunner.java:58) [junit-4.12.jar:4.12]
	at org.junit.runners.ParentRunner$2.evaluate(ParentRunner.java:268) [junit-4.12.jar:4.12]
	at org.junit.internal.runners.statements.RunBefores.evaluate(RunBefores.java:26) [junit-4.12.jar:4.12]
	at org.junit.internal.runners.statements.RunAfters.evaluate(RunAfters.java:27) [junit-4.12.jar:4.12]
	at org.junit.runners.ParentRunner.run(ParentRunner.java:363) [junit-4.12.jar:4.12]
	at cucumber.api.junit.Cucumber.run(Cucumber.java:100) [cucumber-junit-1.2.5.jar:?]
	at org.junit.runner.JUnitCore.run(JUnitCore.java:137) [junit-4.12.jar:4.12]
	at com.intellij.junit4.JUnit4IdeaTestRunner.startRunnerWithArgs(JUnit4IdeaTestRunner.java:68) [junit-rt.jar:?]
	at com.intellij.rt.execution.junit.IdeaTestRunner$Repeater.startRunnerWithArgs(IdeaTestRunner.java:47) [junit-rt.jar:?]
	at com.intellij.rt.execution.junit.JUnitStarter.prepareStreamsAndStart(JUnitStarter.java:242) [junit-rt.jar:?]
	at com.intellij.rt.execution.junit.JUnitStarter.main(JUnitStarter.java:70) [junit-rt.jar:?]
12:01:58.840 [QA] ERROR: Element [[ChromeDriver: chrome on XP (dd6e3ee4240c8ef5808327df64515ed8)] -> xpath: //div[contains(text(), 'Verify your email address')]] is not visible
org.openqa.selenium.TimeoutException: Expected condition failed: waiting for com.ntuc.income.up.utilities.ReusableLibrary$$Lambda$239/1322559460@1c7350b0 (tried for 30 second(s) with 500 milliseconds interval)
Build info: version: '3.14.0', revision: 'aacccce0', time: '2018-08-02T20:19:58.91Z'
System info: host: 'DESKTOP-G59S8SB', ip: '172.16.15.104', os.name: 'Windows 10', os.arch: 'amd64', os.version: '10.0', java.version: '1.8.0_192'
Driver info: driver.version: unknown
	at org.openqa.selenium.support.ui.FluentWait.timeoutException(FluentWait.java:315) ~[selenium-support-3.14.0.jar:?]
	at org.openqa.selenium.support.ui.FluentWait.until(FluentWait.java:283) ~[selenium-support-3.14.0.jar:?]
	at com.ntuc.income.up.utilities.ReusableLibrary.isElemVisible(ReusableLibrary.java:228) [test-classes/:?]
	at com.ntuc.income.up.pages.RegisterPage.verifyEmailPopUpDisplayed(RegisterPage.java:211) [test-classes/:?]
	at com.ntuc.income.up.steps.StpRegister.email_verification_link_is_sent_to_the_user(StpRegister.java:58) [test-classes/:?]
	at sun.reflect.NativeMethodAccessorImpl.invoke0(Native Method) ~[?:1.8.0_192]
	at sun.reflect.NativeMethodAccessorImpl.invoke(NativeMethodAccessorImpl.java:62) ~[?:1.8.0_192]
	at sun.reflect.DelegatingMethodAccessorImpl.invoke(DelegatingMethodAccessorImpl.java:43) ~[?:1.8.0_192]
	at java.lang.reflect.Method.invoke(Method.java:498) ~[?:1.8.0_192]
	at cucumber.runtime.Utils$1.call(Utils.java:40) [cucumber-core-1.2.5.jar:?]
	at cucumber.runtime.Timeout.timeout(Timeout.java:16) [cucumber-core-1.2.5.jar:?]
	at cucumber.runtime.Utils.invoke(Utils.java:34) [cucumber-core-1.2.5.jar:?]
	at cucumber.runtime.java.JavaStepDefinition.execute(JavaStepDefinition.java:38) [cucumber-java-1.2.5.jar:?]
	at cucumber.runtime.StepDefinitionMatch.runStep(StepDefinitionMatch.java:37) [cucumber-core-1.2.5.jar:?]
	at cucumber.runtime.Runtime.runStep(Runtime.java:300) [cucumber-core-1.2.5.jar:?]
	at cucumber.runtime.model.StepContainer.runStep(StepContainer.java:44) [cucumber-core-1.2.5.jar:?]
	at cucumber.runtime.model.StepContainer.runSteps(StepContainer.java:39) [cucumber-core-1.2.5.jar:?]
	at cucumber.runtime.model.CucumberScenario.run(CucumberScenario.java:44) [cucumber-core-1.2.5.jar:?]
	at cucumber.runtime.junit.ExecutionUnitRunner.run(ExecutionUnitRunner.java:102) [cucumber-junit-1.2.5.jar:?]
	at org.junit.runners.Suite.runChild(Suite.java:128) [junit-4.12.jar:4.12]
	at org.junit.runners.Suite.runChild(Suite.java:27) [junit-4.12.jar:4.12]
	at org.junit.runners.ParentRunner$3.run(ParentRunner.java:290) [junit-4.12.jar:4.12]
	at org.junit.runners.ParentRunner$1.schedule(ParentRunner.java:71) [junit-4.12.jar:4.12]
	at org.junit.runners.ParentRunner.runChildren(ParentRunner.java:288) [junit-4.12.jar:4.12]
	at org.junit.runners.ParentRunner.access$000(ParentRunner.java:58) [junit-4.12.jar:4.12]
	at org.junit.runners.ParentRunner$2.evaluate(ParentRunner.java:268) [junit-4.12.jar:4.12]
	at org.junit.runners.ParentRunner.run(ParentRunner.java:363) [junit-4.12.jar:4.12]
	at cucumber.runtime.junit.ExamplesRunner.run(ExamplesRunner.java:59) [cucumber-junit-1.2.5.jar:?]
	at org.junit.runners.Suite.runChild(Suite.java:128) [junit-4.12.jar:4.12]
	at org.junit.runners.Suite.runChild(Suite.java:27) [junit-4.12.jar:4.12]
	at org.junit.runners.ParentRunner$3.run(ParentRunner.java:290) [junit-4.12.jar:4.12]
	at org.junit.runners.ParentRunner$1.schedule(ParentRunner.java:71) [junit-4.12.jar:4.12]
	at org.junit.runners.ParentRunner.runChildren(ParentRunner.java:288) [junit-4.12.jar:4.12]
	at org.junit.runners.ParentRunner.access$000(ParentRunner.java:58) [junit-4.12.jar:4.12]
	at org.junit.runners.ParentRunner$2.evaluate(ParentRunner.java:268) [junit-4.12.jar:4.12]
	at org.junit.runners.ParentRunner.run(ParentRunner.java:363) [junit-4.12.jar:4.12]
	at cucumber.runtime.junit.ScenarioOutlineRunner.run(ScenarioOutlineRunner.java:53) [cucumber-junit-1.2.5.jar:?]
	at cucumber.runtime.junit.FeatureRunner.runChild(FeatureRunner.java:63) [cucumber-junit-1.2.5.jar:?]
	at cucumber.runtime.junit.FeatureRunner.runChild(FeatureRunner.java:18) [cucumber-junit-1.2.5.jar:?]
	at org.junit.runners.ParentRunner$3.run(ParentRunner.java:290) [junit-4.12.jar:4.12]
	at org.junit.runners.ParentRunner$1.schedule(ParentRunner.java:71) [junit-4.12.jar:4.12]
	at org.junit.runners.ParentRunner.runChildren(ParentRunner.java:288) [junit-4.12.jar:4.12]
	at org.junit.runners.ParentRunner.access$000(ParentRunner.java:58) [junit-4.12.jar:4.12]
	at org.junit.runners.ParentRunner$2.evaluate(ParentRunner.java:268) [junit-4.12.jar:4.12]
	at org.junit.runners.ParentRunner.run(ParentRunner.java:363) [junit-4.12.jar:4.12]
	at cucumber.runtime.junit.FeatureRunner.run(FeatureRunner.java:70) [cucumber-junit-1.2.5.jar:?]
	at cucumber.api.junit.Cucumber.runChild(Cucumber.java:95) [cucumber-junit-1.2.5.jar:?]
	at cucumber.api.junit.Cucumber.runChild(Cucumber.java:38) [cucumber-junit-1.2.5.jar:?]
	at org.junit.runners.ParentRunner$3.run(ParentRunner.java:290) [junit-4.12.jar:4.12]
	at org.junit.runners.ParentRunner$1.schedule(ParentRunner.java:71) [junit-4.12.jar:4.12]
	at org.junit.runners.ParentRunner.runChildren(ParentRunner.java:288) [junit-4.12.jar:4.12]
	at org.junit.runners.ParentRunner.access$000(ParentRunner.java:58) [junit-4.12.jar:4.12]
	at org.junit.runners.ParentRunner$2.evaluate(ParentRunner.java:268) [junit-4.12.jar:4.12]
	at org.junit.internal.runners.statements.RunBefores.evaluate(RunBefores.java:26) [junit-4.12.jar:4.12]
	at org.junit.internal.runners.statements.RunAfters.evaluate(RunAfters.java:27) [junit-4.12.jar:4.12]
	at org.junit.runners.ParentRunner.run(ParentRunner.java:363) [junit-4.12.jar:4.12]
	at cucumber.api.junit.Cucumber.run(Cucumber.java:100) [cucumber-junit-1.2.5.jar:?]
	at org.junit.runner.JUnitCore.run(JUnitCore.java:137) [junit-4.12.jar:4.12]
	at com.intellij.junit4.JUnit4IdeaTestRunner.startRunnerWithArgs(JUnit4IdeaTestRunner.java:68) [junit-rt.jar:?]
	at com.intellij.rt.execution.junit.IdeaTestRunner$Repeater.startRunnerWithArgs(IdeaTestRunner.java:47) [junit-rt.jar:?]
	at com.intellij.rt.execution.junit.JUnitStarter.prepareStreamsAndStart(JUnitStarter.java:242) [junit-rt.jar:?]
	at com.intellij.rt.execution.junit.JUnitStarter.main(JUnitStarter.java:70) [junit-rt.jar:?]
12:01:59.082 [QA] ERROR: 
Expecting:
  <false>
to be equal to:
  <true>
when recursively comparing field by field, but found the following difference(s):

Path to difference: <value>
- expected: <true>
- actual  : <false>
java.lang.AssertionError: 
Expecting:
  <false>
to be equal to:
  <true>
when recursively comparing field by field, but found the following difference(s):

Path to difference: <value>
- expected: <true>
- actual  : <false>
	at com.ntuc.income.up.utilities.Validate.equals(Validate.java:33) [test-classes/:?]
	at com.ntuc.income.up.steps.StpRegister.email_verification_link_is_sent_to_the_user(StpRegister.java:58) [test-classes/:?]
	at sun.reflect.NativeMethodAccessorImpl.invoke0(Native Method) ~[?:1.8.0_192]
	at sun.reflect.NativeMethodAccessorImpl.invoke(NativeMethodAccessorImpl.java:62) ~[?:1.8.0_192]
	at sun.reflect.DelegatingMethodAccessorImpl.invoke(DelegatingMethodAccessorImpl.java:43) ~[?:1.8.0_192]
	at java.lang.reflect.Method.invoke(Method.java:498) ~[?:1.8.0_192]
	at cucumber.runtime.Utils$1.call(Utils.java:40) [cucumber-core-1.2.5.jar:?]
	at cucumber.runtime.Timeout.timeout(Timeout.java:16) [cucumber-core-1.2.5.jar:?]
	at cucumber.runtime.Utils.invoke(Utils.java:34) [cucumber-core-1.2.5.jar:?]
	at cucumber.runtime.java.JavaStepDefinition.execute(JavaStepDefinition.java:38) [cucumber-java-1.2.5.jar:?]
	at cucumber.runtime.StepDefinitionMatch.runStep(StepDefinitionMatch.java:37) [cucumber-core-1.2.5.jar:?]
	at cucumber.runtime.Runtime.runStep(Runtime.java:300) [cucumber-core-1.2.5.jar:?]
	at cucumber.runtime.model.StepContainer.runStep(StepContainer.java:44) [cucumber-core-1.2.5.jar:?]
	at cucumber.runtime.model.StepContainer.runSteps(StepContainer.java:39) [cucumber-core-1.2.5.jar:?]
	at cucumber.runtime.model.CucumberScenario.run(CucumberScenario.java:44) [cucumber-core-1.2.5.jar:?]
	at cucumber.runtime.junit.ExecutionUnitRunner.run(ExecutionUnitRunner.java:102) [cucumber-junit-1.2.5.jar:?]
	at org.junit.runners.Suite.runChild(Suite.java:128) [junit-4.12.jar:4.12]
	at org.junit.runners.Suite.runChild(Suite.java:27) [junit-4.12.jar:4.12]
	at org.junit.runners.ParentRunner$3.run(ParentRunner.java:290) [junit-4.12.jar:4.12]
	at org.junit.runners.ParentRunner$1.schedule(ParentRunner.java:71) [junit-4.12.jar:4.12]
	at org.junit.runners.ParentRunner.runChildren(ParentRunner.java:288) [junit-4.12.jar:4.12]
	at org.junit.runners.ParentRunner.access$000(ParentRunner.java:58) [junit-4.12.jar:4.12]
	at org.junit.runners.ParentRunner$2.evaluate(ParentRunner.java:268) [junit-4.12.jar:4.12]
	at org.junit.runners.ParentRunner.run(ParentRunner.java:363) [junit-4.12.jar:4.12]
	at cucumber.runtime.junit.ExamplesRunner.run(ExamplesRunner.java:59) [cucumber-junit-1.2.5.jar:?]
	at org.junit.runners.Suite.runChild(Suite.java:128) [junit-4.12.jar:4.12]
	at org.junit.runners.Suite.runChild(Suite.java:27) [junit-4.12.jar:4.12]
	at org.junit.runners.ParentRunner$3.run(ParentRunner.java:290) [junit-4.12.jar:4.12]
	at org.junit.runners.ParentRunner$1.schedule(ParentRunner.java:71) [junit-4.12.jar:4.12]
	at org.junit.runners.ParentRunner.runChildren(ParentRunner.java:288) [junit-4.12.jar:4.12]
	at org.junit.runners.ParentRunner.access$000(ParentRunner.java:58) [junit-4.12.jar:4.12]
	at org.junit.runners.ParentRunner$2.evaluate(ParentRunner.java:268) [junit-4.12.jar:4.12]
	at org.junit.runners.ParentRunner.run(ParentRunner.java:363) [junit-4.12.jar:4.12]
	at cucumber.runtime.junit.ScenarioOutlineRunner.run(ScenarioOutlineRunner.java:53) [cucumber-junit-1.2.5.jar:?]
	at cucumber.runtime.junit.FeatureRunner.runChild(FeatureRunner.java:63) [cucumber-junit-1.2.5.jar:?]
	at cucumber.runtime.junit.FeatureRunner.runChild(FeatureRunner.java:18) [cucumber-junit-1.2.5.jar:?]
	at org.junit.runners.ParentRunner$3.run(ParentRunner.java:290) [junit-4.12.jar:4.12]
	at org.junit.runners.ParentRunner$1.schedule(ParentRunner.java:71) [junit-4.12.jar:4.12]
	at org.junit.runners.ParentRunner.runChildren(ParentRunner.java:288) [junit-4.12.jar:4.12]
	at org.junit.runners.ParentRunner.access$000(ParentRunner.java:58) [junit-4.12.jar:4.12]
	at org.junit.runners.ParentRunner$2.evaluate(ParentRunner.java:268) [junit-4.12.jar:4.12]
	at org.junit.runners.ParentRunner.run(ParentRunner.java:363) [junit-4.12.jar:4.12]
	at cucumber.runtime.junit.FeatureRunner.run(FeatureRunner.java:70) [cucumber-junit-1.2.5.jar:?]
	at cucumber.api.junit.Cucumber.runChild(Cucumber.java:95) [cucumber-junit-1.2.5.jar:?]
	at cucumber.api.junit.Cucumber.runChild(Cucumber.java:38) [cucumber-junit-1.2.5.jar:?]
	at org.junit.runners.ParentRunner$3.run(ParentRunner.java:290) [junit-4.12.jar:4.12]
	at org.junit.runners.ParentRunner$1.schedule(ParentRunner.java:71) [junit-4.12.jar:4.12]
	at org.junit.runners.ParentRunner.runChildren(ParentRunner.java:288) [junit-4.12.jar:4.12]
	at org.junit.runners.ParentRunner.access$000(ParentRunner.java:58) [junit-4.12.jar:4.12]
	at org.junit.runners.ParentRunner$2.evaluate(ParentRunner.java:268) [junit-4.12.jar:4.12]
	at org.junit.internal.runners.statements.RunBefores.evaluate(RunBefores.java:26) [junit-4.12.jar:4.12]
	at org.junit.internal.runners.statements.RunAfters.evaluate(RunAfters.java:27) [junit-4.12.jar:4.12]
	at org.junit.runners.ParentRunner.run(ParentRunner.java:363) [junit-4.12.jar:4.12]
	at cucumber.api.junit.Cucumber.run(Cucumber.java:100) [cucumber-junit-1.2.5.jar:?]
	at org.junit.runner.JUnitCore.run(JUnitCore.java:137) [junit-4.12.jar:4.12]
	at com.intellij.junit4.JUnit4IdeaTestRunner.startRunnerWithArgs(JUnit4IdeaTestRunner.java:68) [junit-rt.jar:?]
	at com.intellij.rt.execution.junit.IdeaTestRunner$Repeater.startRunnerWithArgs(IdeaTestRunner.java:47) [junit-rt.jar:?]
	at com.intellij.rt.execution.junit.JUnitStarter.prepareStreamsAndStart(JUnitStarter.java:242) [junit-rt.jar:?]
	at com.intellij.rt.execution.junit.JUnitStarter.main(JUnitStarter.java:70) [junit-rt.jar:?]
